<?xml version="1.0" encoding="UTF-8"?>
<testsuite name="com.sicredi.desafiodigital.service.SessaoVotacaoServiceTest" tests="6" skipped="0" failures="0" errors="0" timestamp="2020-06-22T21:57:26" hostname="MacBook-Pro-de-Lucas.local" time="4.125">
  <properties/>
  <testcase name="deveRetornarSessaoDeVotacaoComApenas1MinutoDeDuracao()" classname="com.sicredi.desafiodigital.service.SessaoVotacaoServiceTest" time="1.431"/>
  <testcase name="deveRetornarMensagemDeNenhumaPautaEncontrada()" classname="com.sicredi.desafiodigital.service.SessaoVotacaoServiceTest" time="0.009"/>
  <testcase name="deveRetornarOResultadoDeSessaoAprovada()" classname="com.sicredi.desafiodigital.service.SessaoVotacaoServiceTest" time="2.654"/>
  <testcase name="deveRetornarMensagemDeDataTerminoAnteriorADataAtual()" classname="com.sicredi.desafiodigital.service.SessaoVotacaoServiceTest" time="0.003"/>
  <testcase name="deveRetornarMensagemDeSucessoAoCriarASessaoDeVotacao()" classname="com.sicredi.desafiodigital.service.SessaoVotacaoServiceTest" time="0.021"/>
  <testcase name="deveRetornarMensagemDeSessaoNaoEncontrada()" classname="com.sicredi.desafiodigital.service.SessaoVotacaoServiceTest" time="0.004"/>
  <system-out><![CDATA[18:57:22.504 [Test worker] DEBUG org.springframework.test.context.BootstrapUtils - Instantiating CacheAwareContextLoaderDelegate from class [org.springframework.test.context.cache.DefaultCacheAwareContextLoaderDelegate]
18:57:22.515 [Test worker] DEBUG org.springframework.test.context.BootstrapUtils - Instantiating BootstrapContext using constructor [public org.springframework.test.context.support.DefaultBootstrapContext(java.lang.Class,org.springframework.test.context.CacheAwareContextLoaderDelegate)]
18:57:22.539 [Test worker] DEBUG org.springframework.test.context.BootstrapUtils - Instantiating TestContextBootstrapper for test class [com.sicredi.desafiodigital.service.SessaoVotacaoServiceTest] from class [org.springframework.boot.test.context.SpringBootTestContextBootstrapper]
18:57:22.550 [Test worker] INFO org.springframework.boot.test.context.SpringBootTestContextBootstrapper - Neither @ContextConfiguration nor @ContextHierarchy found for test class [com.sicredi.desafiodigital.service.SessaoVotacaoServiceTest], using SpringBootContextLoader
18:57:22.554 [Test worker] DEBUG org.springframework.test.context.support.AbstractContextLoader - Did not detect default resource location for test class [com.sicredi.desafiodigital.service.SessaoVotacaoServiceTest]: class path resource [com/sicredi/desafiodigital/service/SessaoVotacaoServiceTest-context.xml] does not exist
18:57:22.554 [Test worker] DEBUG org.springframework.test.context.support.AbstractContextLoader - Did not detect default resource location for test class [com.sicredi.desafiodigital.service.SessaoVotacaoServiceTest]: class path resource [com/sicredi/desafiodigital/service/SessaoVotacaoServiceTestContext.groovy] does not exist
18:57:22.554 [Test worker] INFO org.springframework.test.context.support.AbstractContextLoader - Could not detect default resource locations for test class [com.sicredi.desafiodigital.service.SessaoVotacaoServiceTest]: no resource found for suffixes {-context.xml, Context.groovy}.
18:57:22.555 [Test worker] INFO org.springframework.test.context.support.AnnotationConfigContextLoaderUtils - Could not detect default configuration classes for test class [com.sicredi.desafiodigital.service.SessaoVotacaoServiceTest]: SessaoVotacaoServiceTest does not declare any static, non-private, non-final, nested classes annotated with @Configuration.
18:57:22.588 [Test worker] DEBUG org.springframework.test.context.support.ActiveProfilesUtils - Could not find an 'annotation declaring class' for annotation type [org.springframework.test.context.ActiveProfiles] and class [com.sicredi.desafiodigital.service.SessaoVotacaoServiceTest]
18:57:22.645 [Test worker] DEBUG org.springframework.context.annotation.ClassPathScanningCandidateComponentProvider - Identified candidate component class: file [/Applications/Projetos/www/desafio-digital/build/classes/java/main/com/sicredi/desafiodigital/DesafioDigitalApplication.class]
18:57:22.646 [Test worker] INFO org.springframework.boot.test.context.SpringBootTestContextBootstrapper - Found @SpringBootConfiguration com.sicredi.desafiodigital.DesafioDigitalApplication for test class com.sicredi.desafiodigital.service.SessaoVotacaoServiceTest
18:57:22.734 [Test worker] DEBUG org.springframework.boot.test.context.SpringBootTestContextBootstrapper - @TestExecutionListeners is not present for class [com.sicredi.desafiodigital.service.SessaoVotacaoServiceTest]: using defaults.
18:57:22.734 [Test worker] INFO org.springframework.boot.test.context.SpringBootTestContextBootstrapper - Loaded default TestExecutionListener class names from location [META-INF/spring.factories]: [org.springframework.boot.test.autoconfigure.restdocs.RestDocsTestExecutionListener, org.springframework.boot.test.autoconfigure.web.client.MockRestServiceServerResetTestExecutionListener, org.springframework.boot.test.autoconfigure.web.servlet.MockMvcPrintOnlyOnFailureTestExecutionListener, org.springframework.boot.test.autoconfigure.web.servlet.WebDriverTestExecutionListener, org.springframework.boot.test.autoconfigure.webservices.client.MockWebServiceServerTestExecutionListener, org.springframework.boot.test.mock.mockito.MockitoTestExecutionListener, org.springframework.boot.test.mock.mockito.ResetMocksTestExecutionListener, org.springframework.test.context.web.ServletTestExecutionListener, org.springframework.test.context.support.DirtiesContextBeforeModesTestExecutionListener, org.springframework.test.context.support.DependencyInjectionTestExecutionListener, org.springframework.test.context.support.DirtiesContextTestExecutionListener, org.springframework.test.context.transaction.TransactionalTestExecutionListener, org.springframework.test.context.jdbc.SqlScriptsTestExecutionListener, org.springframework.test.context.event.EventPublishingTestExecutionListener]
18:57:22.749 [Test worker] INFO org.springframework.boot.test.context.SpringBootTestContextBootstrapper - Using TestExecutionListeners: [org.springframework.test.context.web.ServletTestExecutionListener@54a6ed3b, org.springframework.test.context.support.DirtiesContextBeforeModesTestExecutionListener@7e7ffb49, org.springframework.boot.test.mock.mockito.MockitoTestExecutionListener@28dbf571, org.springframework.boot.test.autoconfigure.SpringBootDependencyInjectionTestExecutionListener@463c42cc, org.springframework.test.context.support.DirtiesContextTestExecutionListener@2510a005, org.springframework.test.context.transaction.TransactionalTestExecutionListener@2434b25d, org.springframework.test.context.jdbc.SqlScriptsTestExecutionListener@53b3abd7, org.springframework.test.context.event.EventPublishingTestExecutionListener@77bda94f, org.springframework.boot.test.autoconfigure.restdocs.RestDocsTestExecutionListener@570d3f35, org.springframework.boot.test.autoconfigure.web.client.MockRestServiceServerResetTestExecutionListener@56aad9d3, org.springframework.boot.test.autoconfigure.web.servlet.MockMvcPrintOnlyOnFailureTestExecutionListener@18893dc2, org.springframework.boot.test.autoconfigure.web.servlet.WebDriverTestExecutionListener@2e4184d, org.springframework.boot.test.autoconfigure.webservices.client.MockWebServiceServerTestExecutionListener@3cae6bb3, org.springframework.boot.test.mock.mockito.ResetMocksTestExecutionListener@3c4a49b4]
18:57:22.752 [Test worker] DEBUG org.springframework.test.context.support.AbstractDirtiesContextTestExecutionListener - Before test class: context [DefaultTestContext@4d33e032 testClass = SessaoVotacaoServiceTest, testInstance = [null], testMethod = [null], testException = [null], mergedContextConfiguration = [WebMergedContextConfiguration@446f8ea4 testClass = SessaoVotacaoServiceTest, locations = '{}', classes = '{class com.sicredi.desafiodigital.DesafioDigitalApplication}', contextInitializerClasses = '[]', activeProfiles = '{}', propertySourceLocations = '{}', propertySourceProperties = '{org.springframework.boot.test.context.SpringBootTestContextBootstrapper=true}', contextCustomizers = set[org.springframework.boot.test.autoconfigure.properties.PropertyMappingContextCustomizer@0, org.springframework.boot.test.autoconfigure.web.servlet.WebDriverContextCustomizerFactory$Customizer@7928d3ee, org.springframework.boot.test.context.filter.ExcludeFilterContextCustomizer@4b934178, org.springframework.boot.test.json.DuplicateJsonObjectContextCustomizerFactory$DuplicateJsonObjectContextCustomizer@125498fa, org.springframework.boot.test.mock.mockito.MockitoContextCustomizer@0, org.springframework.boot.test.web.client.TestRestTemplateContextCustomizer@6c39eb81, org.springframework.boot.test.context.SpringBootTestArgs@1], resourceBasePath = 'src/main/webapp', contextLoader = 'org.springframework.boot.test.context.SpringBootContextLoader', parent = [null]], attributes = map['org.springframework.test.context.web.ServletTestExecutionListener.activateListener' -> true]], class annotated with @DirtiesContext [false] with mode [null].
18:57:22.779 [Test worker] DEBUG org.springframework.test.context.support.TestPropertySourceUtils - Adding inlined properties to environment: {spring.jmx.enabled=false, org.springframework.boot.test.context.SpringBootTestContextBootstrapper=true}

  .   ____          _            __ _ _
 /\\ / ___'_ __ _ _(_)_ __  __ _ \ \ \ \
( ( )\___ | '_ | '_| | '_ \/ _` | \ \ \ \
 \\/  ___)| |_)| | | | | || (_| |  ) ) ) )
  '  |____| .__|_| |_|_| |_\__, | / / / /
 =========|_|==============|___/=/_/_/_/
 :: Spring Boot ::        (v2.3.1.RELEASE)

2020-06-22 18:57:23.300  INFO 24624 --- [    Test worker] c.c.c.ConfigServicePropertySourceLocator : Fetching config from server at : http://localhost:8888
2020-06-22 18:57:23.372  INFO 24624 --- [    Test worker] c.c.c.ConfigServicePropertySourceLocator : Connect Timeout Exception on Url - http://localhost:8888. Will be trying the next url if available
2020-06-22 18:57:23.373  WARN 24624 --- [    Test worker] c.c.c.ConfigServicePropertySourceLocator : Could not locate PropertySource: I/O error on GET request for "http://localhost:8888/application/default": Connection refused (Connection refused); nested exception is java.net.ConnectException: Connection refused (Connection refused)
2020-06-22 18:57:23.379  INFO 24624 --- [    Test worker] c.s.d.service.SessaoVotacaoServiceTest   : No active profile set, falling back to default profiles: default
2020-06-22 18:57:23.963  INFO 24624 --- [    Test worker] .s.d.r.c.RepositoryConfigurationDelegate : Bootstrapping Spring Data JPA repositories in DEFERRED mode.
2020-06-22 18:57:24.022  INFO 24624 --- [    Test worker] .s.d.r.c.RepositoryConfigurationDelegate : Finished Spring Data repository scanning in 52ms. Found 4 JPA repository interfaces.
2020-06-22 18:57:24.166  INFO 24624 --- [    Test worker] o.s.cloud.context.scope.GenericScope     : BeanFactory id=f17356d1-0f07-39f8-8eba-80c34f2caa8d
2020-06-22 18:57:24.505  INFO 24624 --- [    Test worker] o.s.s.concurrent.ThreadPoolTaskExecutor  : Initializing ExecutorService 'applicationTaskExecutor'
2020-06-22 18:57:24.514  INFO 24624 --- [    Test worker] com.zaxxer.hikari.HikariDataSource       : HikariPool-1 - Starting...
2020-06-22 18:57:24.649  INFO 24624 --- [    Test worker] com.zaxxer.hikari.HikariDataSource       : HikariPool-1 - Start completed.
2020-06-22 18:57:24.711  INFO 24624 --- [         task-1] o.hibernate.jpa.internal.util.LogHelper  : HHH000204: Processing PersistenceUnitInfo [name: default]
2020-06-22 18:57:24.762  INFO 24624 --- [         task-1] org.hibernate.Version                    : HHH000412: Hibernate ORM core version 5.4.17.Final
2020-06-22 18:57:24.901  INFO 24624 --- [         task-1] o.hibernate.annotations.common.Version   : HCANN000001: Hibernate Commons Annotations {5.1.0.Final}
2020-06-22 18:57:25.050  INFO 24624 --- [         task-1] org.hibernate.dialect.Dialect            : HHH000400: Using dialect: org.hibernate.dialect.H2Dialect
2020-06-22 18:57:25.210  INFO 24624 --- [    Test worker] pertySourcedRequestMappingHandlerMapping : Mapped URL path [/v2/api-docs] onto method [springfox.documentation.swagger2.web.Swagger2Controller#getDocumentation(String, HttpServletRequest)]
2020-06-22 18:57:25.569  WARN 24624 --- [    Test worker] JpaBaseConfiguration$JpaWebConfiguration : spring.jpa.open-in-view is enabled by default. Therefore, database queries may be performed during view rendering. Explicitly configure spring.jpa.open-in-view to disable this warning
2020-06-22 18:57:25.697  INFO 24624 --- [         task-1] o.h.e.t.j.p.i.JtaPlatformInitiator       : HHH000490: Using JtaPlatform implementation: [org.hibernate.engine.transaction.jta.platform.internal.NoJtaPlatform]
2020-06-22 18:57:25.704  INFO 24624 --- [         task-1] j.LocalContainerEntityManagerFactoryBean : Initialized JPA EntityManagerFactory for persistence unit 'default'
2020-06-22 18:57:25.817  INFO 24624 --- [    Test worker] d.s.w.p.DocumentationPluginsBootstrapper : Context refreshed
2020-06-22 18:57:25.830  INFO 24624 --- [    Test worker] d.s.w.p.DocumentationPluginsBootstrapper : Found 1 custom documentation plugin(s)
2020-06-22 18:57:25.852  INFO 24624 --- [    Test worker] s.d.s.w.s.ApiListingReferenceScanner     : Scanning for api listing references
2020-06-22 18:57:25.974  INFO 24624 --- [    Test worker] DeferredRepositoryInitializationListener : Triggering deferred initialization of Spring Data repositories…
2020-06-22 18:57:26.342  INFO 24624 --- [    Test worker] DeferredRepositoryInitializationListener : Spring Data repositories initialized!
2020-06-22 18:57:26.349  INFO 24624 --- [    Test worker] c.s.d.service.SessaoVotacaoServiceTest   : Started SessaoVotacaoServiceTest in 3.56 seconds (JVM running for 4.557)
 [x] Received 'Sessão 5 está aberta para votação!'
 [x] Received 'Sessão 1 está aberta para votação!'
 [x] Received 'Sessão 1 está aberta para votação!'
 [x] Received 'Sessão 2 está aberta para votação!'
 [x] Received 'Sessão 3 está aberta para votação!'
 [x] Received 'Sessão 1 está aberta para votação!'
CPF Gerado 171.141.715-79
CPF Gerado 602.928.181-06
CPF Gerado 540.247.185-17
 [x] Received 'Sessão 2 está aberta para votação!'
2020-06-22 18:57:30.436  INFO 24624 --- [    Test worker] c.s.d.service.SessaoVotacaoService       : Votos sim: 3
2020-06-22 18:57:30.436  INFO 24624 --- [    Test worker] c.s.d.service.SessaoVotacaoService       : Votos não: 0
 [x] Received 'O resultado da sessao de votacao 5, referente a pauta Teste, foi: 0 votos sim e 0 votos nao. 
Pauta reprovada!'
 [x] Received 'O resultado da sessao de votacao 1, referente a pauta Pauta para validar duração da Sessão, foi: 3 votos sim e 0 votos nao. 
Pauta aprovada!'
 [x] Received 'O resultado da sessao de votacao 1, referente a pauta Pauta para validar duração da Sessão, foi: 3 votos sim e 0 votos nao. 
Pauta aprovada!'
 [x] Received 'Sessão 3 está aberta para votação!'
]]></system-out>
  <system-err><![CDATA[]]></system-err>
</testsuite>
